<?xml version="1.0" encoding="UTF-8"?>
<Site BuildName="Linux-c++"
	BuildStamp="20231009-0850-Experimental"
	Name="base-beta"
	Generator="ctest-3.27.6"
	CompilerName="/usr/bin/c++"
	CompilerVersion="13.2.1"
	OSName="Linux"
	Hostname="base-beta"
	OSRelease="6.5.5-200.fc38.x86_64"
	OSVersion="#1 SMP PREEMPT_DYNAMIC Sun Sep 24 15:52:44 UTC 2023"
	OSPlatform="x86_64"
	Is64Bits="1"
	VendorString="GenuineIntel"
	VendorID="Intel Corporation"
	FamilyID="6"
	ModelID="142"
	ProcessorCacheSize="3072"
	NumberOfLogicalCPU="4"
	NumberOfPhysicalCPU="2"
	TotalVirtualMemory="5829"
	TotalPhysicalMemory="3782"
	LogicalProcessorsPerPhysical="2"
	ProcessorClockFrequency="2400.01"
	>
	<Testing>
		<StartDateTime>Oct 09 20:13 CEST</StartDateTime>
		<StartTestTime>1696875232</StartTestTime>
		<TestList/>
		<EndDateTime>Oct 09 20:13 CEST</EndDateTime>
		<EndTestTime>1696875232</EndTestTime>
		<ElapsedMinutes>0</ElapsedMinutes>
	</Testing>
</Site>
