<?xml version="1.0" encoding="UTF-8"?>
<Site BuildName="Linux-c++"
	BuildStamp="20231012-0549-Experimental"
	Name="base-beta"
	Generator="ctest-3.27.7"
	CompilerName="/usr/bin/c++"
	CompilerVersion="13.2.1"
	OSName="Linux"
	Hostname="base-beta"
	OSRelease="6.5.6-200.fc38.x86_64"
	OSVersion="#1 SMP PREEMPT_DYNAMIC Fri Oct  6 19:02:35 UTC 2023"
	OSPlatform="x86_64"
	Is64Bits="1"
	VendorString="GenuineIntel"
	VendorID="Intel Corporation"
	FamilyID="6"
	ModelID="142"
	ProcessorCacheSize="3072"
	NumberOfLogicalCPU="4"
	NumberOfPhysicalCPU="2"
	TotalVirtualMemory="5829"
	TotalPhysicalMemory="3782"
	LogicalProcessorsPerPhysical="2"
	ProcessorClockFrequency="2400"
	>
	<Testing>
		<StartDateTime>Oct 12 07:49 CEST</StartDateTime>
		<StartTestTime>1697089745</StartTestTime>
		<TestList/>
		<EndDateTime>Oct 12 07:49 CEST</EndDateTime>
		<EndTestTime>1697089745</EndTestTime>
		<ElapsedMinutes>0</ElapsedMinutes>
	</Testing>
</Site>
