<?xml version="1.0" encoding="UTF-8"?>
<Site BuildName="Linux-c++"
	BuildStamp="20230921-0605-Experimental"
	Name="base-beta"
	Generator="ctest-3.27.4"
	CompilerName="/usr/bin/c++"
	CompilerVersion="13.2.1"
	OSName="Linux"
	Hostname="base-beta"
	OSRelease="6.4.15-200.fc38.x86_64"
	OSVersion="#1 SMP PREEMPT_DYNAMIC Thu Sep  7 00:25:01 UTC 2023"
	OSPlatform="x86_64"
	Is64Bits="1"
	VendorString="GenuineIntel"
	VendorID="Intel Corporation"
	FamilyID="6"
	ModelID="142"
	ProcessorCacheSize="3072"
	NumberOfLogicalCPU="4"
	NumberOfPhysicalCPU="2"
	TotalVirtualMemory="5829"
	TotalPhysicalMemory="3782"
	LogicalProcessorsPerPhysical="2"
	ProcessorClockFrequency="1900.01"
	>
	<Testing>
		<StartDateTime>Sep 21 08:05 CEST</StartDateTime>
		<StartTestTime>1695276352</StartTestTime>
		<TestList/>
		<EndDateTime>Sep 21 08:05 CEST</EndDateTime>
		<EndTestTime>1695276352</EndTestTime>
		<ElapsedMinutes>0</ElapsedMinutes>
	</Testing>
</Site>
